{
  "RSpec": {
    "coverage": {
      "/Users/ktsein/Desktop/bookmark-manager/app/app.rb": [
        1,
        1,
        null,
        1,
        1,
        0,
        null,
        null,
        1,
        1,
        null,
        null,
        null,
        1,
        null
      ],
      "/Users/ktsein/Desktop/bookmark-manager/spec/link_spec.rb": [
        1,
        null,
        1,
        1,
        null,
        null,
        null,
        null
      ]
    },
    "timestamp": 1476795522
  }
}
